[INFO] Scanning for projects...
[INFO] Reactor build order: 
[INFO]   LM Labs :: parent project
[INFO]   LM Labs :: Core Types And Adapter
[INFO]   LM Labs :: Gadgets
[INFO]   LM Labs :: Front application
[INFO]   LM Labs :: Nuxeo DM document types
[INFO] ------------------------------------------------------------------------
[INFO] Building LM Labs :: parent project
[INFO]    task-segment: [test]
[INFO] ------------------------------------------------------------------------
[INFO] [buildnumber:create {execution: default}]
[INFO] Storing buildNumber: 20111012-172334 at timestamp: 1318433014461
[INFO] [incremental-build:incremental-build {execution: default}]
[INFO] Verifying module descriptor ...
[INFO] Pom descriptor modification detected.
[INFO] Deleting /home/vdutat/Workspaces/mercurial/lm-labs/target
[INFO] [nuxeo:eclipse-version {execution: eclipsize-version}]
[INFO] eclipseVersion:1.0.0.-SNAPSHOT
[INFO] ------------------------------------------------------------------------
[INFO] Building LM Labs :: Core Types And Adapter
[INFO]    task-segment: [test]
[INFO] ------------------------------------------------------------------------
[INFO] [buildnumber:create {execution: default}]
[INFO] Storing buildNumber: 20111012-172336 at timestamp: 1318433016576
[INFO] snapshot com.leroymerlin.corp.fr.nuxeo.portal:nuxeo-platform-rating-api:3.3-SNAPSHOT: checking for updates from public-snapshot
[INFO] snapshot com.leroymerlin.corp.fr.nuxeo.portal:nuxeo-platform-rating-parent:3.3-SNAPSHOT: checking for updates from public-snapshot
[INFO] snapshot com.leroymerlin.corp.fr.nuxeo.portal:lm-nuxeo-common-parent:3.3-SNAPSHOT: checking for updates from public-snapshot
[INFO] snapshot com.leroymerlin.corp.fr.nuxeo.portal:lm-view-service:3.3-SNAPSHOT: checking for updates from public-snapshot
[INFO] snapshot com.leroymerlin.corp.fr.nuxeo.portal:lm-portal-user:3.3-SNAPSHOT: checking for updates from public-snapshot
[INFO] snapshot com.leroymerlin.corp.fr.nuxeo.portal:nuxeo-platform-rating-core:3.3-SNAPSHOT: checking for updates from public-snapshot
[INFO] snapshot com.leroymerlin.corp.fr.nuxeo.portal:lm-nuxeo-common-core:3.3-SNAPSHOT: checking for updates from public-snapshot
[INFO] [incremental-build:incremental-build {execution: default}]
[INFO] Verifying module descriptor ...
[INFO] Verifying parent modules...
[INFO] Verifying resources...
[INFO] resources updated, module have to be cleaned
[INFO] Deleting /home/vdutat/Workspaces/mercurial/lm-labs/lm-labs-core/target
[INFO] [nuxeo:eclipse-version {execution: eclipsize-version}]
[INFO] eclipseVersion:1.0.0.-SNAPSHOT
[INFO] [resources:resources {execution: default-resources}]
[INFO] Using 'UTF-8' encoding to copy filtered resources.
[INFO] Copying 19 resources
[INFO] [compiler:compile {execution: default-compile}]
[INFO] Compiling 74 source files to /home/vdutat/Workspaces/mercurial/lm-labs/lm-labs-core/target/classes
[INFO] [resources:testResources {execution: default-testResources}]
[INFO] Using 'UTF-8' encoding to copy filtered resources.
[INFO] Copying 7 resources
[INFO] [compiler:testCompile {execution: default-testCompile}]
[INFO] Compiling 22 source files to /home/vdutat/Workspaces/mercurial/lm-labs/lm-labs-core/target/test-classes
[INFO] [surefire:test {execution: default-test}]
[INFO] Surefire report directory: /home/vdutat/Workspaces/mercurial/lm-labs/lm-labs-core/target/surefire-reports

-------------------------------------------------------
 T E S T S
-------------------------------------------------------
There are no tests to run.

Results :

Tests run: 0, Failures: 0, Errors: 0, Skipped: 0

[INFO] ------------------------------------------------------------------------
[ERROR] BUILD FAILURE
[INFO] ------------------------------------------------------------------------
[INFO] No tests were executed!  (Set -DfailIfNoTests=false to ignore this error.)
[INFO] ------------------------------------------------------------------------
[INFO] For more information, run Maven with the -e switch
[INFO] ------------------------------------------------------------------------
[INFO] Total time: 20 seconds
[INFO] Finished at: Wed Oct 12 17:23:52 CEST 2011
[INFO] Final Memory: 110M/404M
[INFO] ------------------------------------------------------------------------
